Case #1: 1
Case #2: 2 1
Case #3: 1 2 3
Case #4: 1 4 3 2 5
Case #5: 1 4 3 2 5
Case #6: -73 -31 40 -31 -5 0 3 57 40 32 10 -22 -36 -52 -70
Case #7: 88 84 -93 -93 -91 70 68 -73 -61 -61 62 60 52 -57 46 -51 -49 -45 44 -45 -29 -25 42 -13 -5 34 32 28 -3 -1 26 12 -1 1 17 19 23 25 29 35 10 39 49 51 10 53 57 57 6 59 0 0 71 73 75 -20 77 85 87 -22 -22 -26 -32 -32 -34 -38 -56 -60 -68 -70 -80 -80
Case #8: -97 -93 -85 -79 -77 -73 -73 -65 -61 -51 94 -47 -41 90 -33 -31 -31 -27 -25 -23 -15 76 -13 -9 74 -7 -5 -5 -3 1 60 7 7 9 60 11 58 17 48 19 27 29 44 31 33 33 33 39 42 40 39 41 30 49 51 51 24 61 16 65 65 65 75 75 77 14 91 10 95 97 4 0 0 -2 -6 -10 -10 -16 -18 -18 -18 -28 -30 -40 -44 -54 -56 -62 -66 -66 -72 -72 -74 -88 -88 -90 -92 -96 -96 -96
Case #9: 98 -89 -83 -83 84 -67 78 -61 -59 -57 -53 74 74 68 -49 -43 -35 -29 38 -29 -23 32 -21 -11 -9 -7 13 23 30 26 26 22 25 18 25 0 0 0 0 -34 27 31 33 41 59 61 71 73 73 -36 87 -36 -46 -50 -52 -54 -56 -60 -62 -64 -66 -68 -80 -82 -88 -100
Case #10: 88 -85 82 -83 -73 82 64 -65 -47 -29 64 -9 64 -9 62 -7 -3 3 60 5 54 11 11 21 42 22 21 18 0 23 31 -22 39 47 59 71 81 -38 -42 -44 -60 -72 -78 -84 -86
Case #11: 90 -99 90 -95 -95 -89 -79 -79 -75 78 74 -71 72 -55 72 70 68 -53 -49 -45 -45 -35 -31 54 36 -29 30 28 -29 -25 -21 -15 -15 -11 -3 -3 -1 1 3 9 17 22 18 19 16 19 19 21 35 41 16 12 41 12 45 59 63 65 69 69 6 73 85 99 2 -4 -8 -10 -14 -14 -24 -26 -28 -54 -62 -62 -62 -64 -64 -72 -72 -74 -74 -78 -82 -84 -86 -92 -98
Case #12: -95 82 40 -79 -59 30 -7 4 -10 -14 -20 -64 -82 -94
Case #13: -99 -99 -97 100 98 -95 -91 -89 -83 -73 86 84 82 82 76 -65 70 -63 -61 68 -61 -55 -51 -43 -41 -35 -21 66 66 -17 60 58 -17 -3 5 54 50 21 25 29 50 33 35 35 48 39 46 44 45 49 55 57 59 59 69 40 79 79 32 30 87 87 89 91 93 95 97 28 24 24 10 6 0 -4 -4 -16 -22 -22 -22 -28 -28 -30 -30 -36 -40 -42 -46 -52 -52 -60 -62 -76 -90 -90 -92 -94 -96 -98 -100 -100
Case #14: -97 -93 -73 60 -51 -49 -31 -19 -17 48 10 2 -13 -9 -7 -7 1 3 9 -12 31 31 -46 35 -46 -76
Case #15: -79 -63 -43 -13 -11 68 30 24 20 29 18 45 6 -38 77 -52 -68 -78 -90
Case #16: -93 98 -89 -87 90 88 86 80 -75 -73 78 76 -67 -63 -59 -57 -53 72 -49 72 -45 -31 -31 -25 70 60 58 -23 -21 54 -17 50 -15 50 -15 44 44 -7 40 32 32 30 -7 -7 -5 -5 24 0 1 0 9 17 0 19 29 33 33 41 41 0 53 -2 53 57 -8 61 -14 -24 65 -26 75 77 -36 85 -40 -42 -44 85 -48 89 89 -50 -66 91 -66 93 93 -68 -74 -76 -78 -78 -78 -80 -86 -88 -90 -90 -98 -98
Case #17: -97 96 -95 -91 -89 -89 -89 92 -69 -67 -63 92 90 -61 90 88 88 -61 -49 84 -43 82 -43 78 -39 -39 -35 -29 -27 72 -27 70 68 68 62 -25 -19 54 54 50 -13 -3 42 1 5 7 11 17 25 35 41 55 63 63 65 36 75 34 75 77 34 79 83 26 26 10 8 4 4 0 0 -14 -14 -16 -18 -20 -22 -24 -26 -28 -30 -30 -32 -42 -46 -50 -60 -68 -70 -72 -76 -78 -78 -82 -86 -88 -96 -98 -98 -100
Case #18: -99 96 90 -97 86 -97 -97 -97 72 -95 70 -95 68 -95 -93 -93 -91 60 -89 -87 -85 -83 -75 -71 -71 -67 54 -63 -59 -59 -57 -33 -21 -17 50 -15 48 -13 -9 48 38 -9 -1 -1 36 5 7 32 9 11 13 13 32 32 28 26 25 14 27 0 35 41 41 47 0 0 -2 57 61 69 -6 71 75 81 83 85 85 -6 89 89 -14 89 -20 91 -20 -24 93 99 -36 -38 -42 -46 -58 -62 -62 -74 -76 -84 -84 -90
Case #19: -80 -84
Case #20: 78 -97 78 -89 -87 -85 -83 -71 78 74 -71 -61 -43 -39 -35 72 70 -29 70 -17 68 -13 -13 68 64 64 -7 -7 -3 62 1 5 60 17 17 17 25 27 29 54 42 31 38 35 34 43 49 20 51 20 53 59 61 18 18 77 83 0 0 -4 -8 85 93 -30 -34 -34 -36 -38 -42 -42 -44 -46 -46 -46 -48 -50 -56 -60 -72 -80 -98 -100 -100
Case #21: -99 -93 -91 -91 -89 100 98 -87 -85 -69 92 -19 -13 -7 86 -3 9 9 13 21 25 35 35 47 78 58 49 49 56 52 63 65 67 75 46 36 30 20 16 79 10 2 -8 -10 -12 -18 -20 -22 -40 -46 -90 -92 -96 -100
Case #22: -77 -71 -47 -43 -13 31 100 57 87 92 87 74 72 56 32 24 6 0 -18 -20 -36 -36 -52 -54 -62 -68 -88 -96 -100
Case #23: 88 -99 -95 78 76 -91 -87 -87 72 -85 70 -83 -81 68 66 -73 -69 -67 -65 -53 -33 66 60 56 -27 -13 54 52 -3 3 48 48 7 46 46 44 11 15 21 28 23 29 33 33 16 37 41 16 41 14 41 45 53 59 0 61 63 75 0 75 0 79 83 0 83 83 -4 -4 91 -6 -8 -16 -20 -22 -28 -32 -36 -38 -38 -48 -52 -60 -76 -82 -84 -86 -96 -98
Case #24: -99 96 -95 -85 -77 -77 86 82 -75 66 64 -67 64 60 -61 -61 -53 -39 60 -35 -29 -29 50 -25 -19 -15 -9 48 -1 42 15 15 38 17 34 27 27 24 24 33 33 55 59 61 61 14 63 71 73 14 6 4 0 -6 -8 -10 -12 -26 -28 -38 -42 -44 -60 -62 -66 -76 -78 -86 -86 -88
Case #25: -99 -79 78 -71 76 54 54 52 -69 32 -69 -67 28 -53 24 -47 -39 18 -13 -7 -5 15 47 55 63 75 -10 77 -10 85 -30 -42 -50 -52 -56 -62 -72 -80 -84 -84 -86
Case #26: -93 -81 -73 -69 -69 86 -53 -45 84 3 76 17 35 37 70 49 63 67 83 66 66 54 50 20 4 0 0 0 -16 -18 -32 -44 -74
Case #27: -89 -89 -85 -85 -81 -79 -59 82 -35 -33 82 70 -25 -21 -3 64 -3 56 52 52 1 3 50 21 48 40 32 27 14 27 39 12 43 43 6 47 61 4 67 67 75 -4 -8 -10 81 -12 87 97 -22 -38 -38 -40 -44 -52 -86 -90 -96
Case #28: -85 -83 94 -79 -77 86 -65 -57 82 -55 -51 -49 78 -45 -45 -41 78 -39 -33 -23 -21 -19 76 70 -17 70 -15 -13 -7 -7 -1 13 66 13 15 21 64 21 29 35 53 59 59 62 60 59 73 58 73 73 79 85 52 91 93 46 40 36 32 28 16 14 8 -4 -14 -18 -18 -18 -22 -24 -24 -36 -40 -40 -62 -66 -72 -84 -84 -92 -94 -96
Case #29: -97 -91 -89 -89 -73 -67 98 -51 -39 82 -33 80 -19 74 62 -15 58 -13 19 46 19 27 37 47 61 44 44 32 26 10 8 0 -8 -14 -38 -48 -62 -68 -72 -74 -98
Case #30: -97 -95 86 84 -89 78 66 -81 60 58 -81 -79 -71 -71 42 38 36 30 -69 -69 -61 -59 22 -57 -57 -51 -51 -49 20 -43 16 16 10 -31 0 0 -29 -17 -13 -10 -1 1 -12 5 9 13 17 -34 17 19 35 37 49 51 -36 -38 53 -44 53 -44 -52 53 55 59 -56 61 -58 65 67 73 -58 73 77 81 83 85 87 87 89 91 93 93 -60 -62 -64 -64 -68 -84 -90 -90 -94 -94 -96
